<?xml version="1.0" encoding="UTF-8"?>
<testsuite name="testrunner.LoginTestRunner" tests="4" skipped="0" failures="0" errors="0" timestamp="2023-12-26T13:26:24" hostname="DESKTOP-C84G9OU" time="13.264">
  <properties/>
  <testcase name="dologinwithinvalidCreds" classname="testrunner.LoginTestRunner" time="1.306"/>
  <testcase name="doLogin" classname="testrunner.LoginTestRunner" time="2.545"/>
  <testcase name="dologinwithinvalidCreds" classname="testrunner.LoginTestRunner" time="1.229"/>
  <testcase name="doLogin" classname="testrunner.LoginTestRunner" time="1.79"/>
  <system-out><![CDATA[]]></system-out>
  <system-err><![CDATA[]]></system-err>
</testsuite>
